
=== Thu Jan 13 12:40:21 2022

Packages were changed.
Update Mode: mergeDefaultDependencies

The following packages were added:
  com.unity.collab-proxy@1.15.4
  com.unity.ide.visualstudio@2.0.12
  com.unity.modules.ai@1.0.0
  com.unity.modules.cloth@1.0.0
  com.unity.modules.director@1.0.0
  com.unity.modules.physics@1.0.0
  com.unity.modules.terrain@1.0.0
  com.unity.modules.terrainphysics@1.0.0
  com.unity.modules.umbra@1.0.0
  com.unity.modules.vehicles@1.0.0
  com.unity.modules.vr@1.0.0
  com.unity.modules.wind@1.0.0
  com.unity.modules.xr@1.0.0
  com.unity.timeline@1.4.8
The following packages were updated:
  com.unity.2d.animation from version 3.2.6 to 5.0.9
  com.unity.2d.pixel-perfect from version 2.0.4 to 4.0.1
  com.unity.2d.psdimporter from version 2.1.6 to 4.1.2
  com.unity.2d.spriteshape from version 3.0.14 to 5.1.6
  com.unity.ide.rider from version 1.1.4 to 2.0.7
  com.unity.ide.vscode from version 1.2.3 to 1.2.4
  com.unity.mobile.android-logcat from version 1.2.0 to 1.2.3
  com.unity.mobile.notifications from version 1.0.3 to 1.4.2
  com.unity.test-framework from version 1.1.20 to 1.1.29
  com.unity.textmeshpro from version 2.1.3 to 3.0.6

=== Sat Jul 30 13:32:48 2022

Packages were changed.
Update Mode: updateDependencies

The following packages were updated:
  com.unity.2d.animation from version 5.0.9 to 7.0.6
  com.unity.2d.pixel-perfect from version 4.0.1 to 5.0.1
  com.unity.2d.psdimporter from version 4.1.2 to 6.0.4
  com.unity.2d.spriteshape from version 5.1.6 to 7.0.5
  com.unity.ide.visualstudio from version 2.0.12 to 2.0.16
  com.unity.ide.vscode from version 1.2.4 to 1.2.5
  com.unity.inputsystem from version 1.2.0 to 1.3.0
  com.unity.mobile.android-logcat from version 1.2.3 to 1.3.2
  com.unity.mobile.notifications from version 1.4.2 to 2.0.2
  com.unity.test-framework from version 1.1.29 to 1.1.31
  com.unity.timeline from version 1.4.8 to 1.6.4

=== Thu Sep 29 19:59:53 2022

Packages were changed.
Update Mode: updateDependencies

The following packages were updated:
  com.unity.2d.animation from version 7.0.6 to 7.0.7
  com.unity.2d.psdimporter from version 6.0.4 to 6.0.5
  com.unity.2d.spriteshape from version 7.0.5 to 7.0.6
  com.unity.inputsystem from version 1.3.0 to 1.4.2

=== Tue Jan  3 16:15:53 2023

Packages were changed.
Update Mode: updateDependencies

The following packages were updated:
  com.unity.2d.animation from version 7.0.7 to 7.0.9
  com.unity.2d.pixel-perfect from version 5.0.1 to 5.0.3
  com.unity.2d.psdimporter from version 6.0.5 to 6.0.6
  com.unity.inputsystem from version 1.4.2 to 1.4.4
  com.unity.mobile.notifications from version 2.0.2 to 2.1.0
